<?xml version="1.0" encoding="UTF-8"?>
<!-- Generated by org.testng.reporters.JUnitReportReporter -->
<testsuite skipped="0" hostname="Pooja-PC" name="qaclickacademy.appiumTest" tests="2" failures="0" timestamp="01 Jun 2020 15:22:27 GMT" time="0.001" errors="0">
  <testcase name="nativeAppAndroid" time="0.000" classname="qaclickacademy.appiumTest"/>
  <testcase name="IosApps" time="0.001" classname="qaclickacademy.appiumTest"/>
</testsuite> <!-- qaclickacademy.appiumTest -->
