<?xml version="1.0" encoding="UTF-8"?>
<!-- Generated by org.testng.reporters.JUnitReportReporter -->
<testsuite skipped="0" hostname="Pooja-PC" name="qaclickacademy.RestAPITest" tests="2" failures="0" timestamp="01 Jun 2020 15:22:27 GMT" time="0.025" errors="0">
  <testcase name="deleteTwiter" time="0.024" classname="qaclickacademy.RestAPITest"/>
  <testcase name="postJira" time="0.001" classname="qaclickacademy.RestAPITest"/>
</testsuite> <!-- qaclickacademy.RestAPITest -->
