<?xml version="1.0" encoding="UTF-8"?>
<!-- Generated by org.testng.reporters.JUnitReportReporter -->
<testsuite skipped="0" hostname="Pooja-PC" name="qaclickacademy.seleniumTest" tests="2" failures="0" timestamp="01 Jun 2020 15:22:27 GMT" time="0.002" errors="0">
  <testcase name="browserAutomation" time="0.001" classname="qaclickacademy.seleniumTest"/>
  <testcase name="elementsUi" time="0.001" classname="qaclickacademy.seleniumTest"/>
</testsuite> <!-- qaclickacademy.seleniumTest -->
